<?xml version="1.0" encoding="UTF-8"?>
<robot generator="Robot 4.1 (Python 3.7.7 on darwin)" generated="20210905 00:17:33.740" rpa="false" schemaversion="2">
<suite id="s1" name="TestScripts" source="/Users/krd6apl/Documents/Private/Learning/MyShaadi/TestScripts">
<suite id="s1-s1" name="Android" source="/Users/krd6apl/Documents/Private/Learning/MyShaadi/TestScripts/Android">
<suite id="s1-s1-s1" name="A Login" source="/Users/krd6apl/Documents/Private/Learning/MyShaadi/TestScripts/Android/A_Login.robot">
<test id="s1-s1-s1-t1" name="MyShaadi_Test0001: Login into Shaadi App">
<kw name="Open MyShaadi Android App" library="commonkeywords" type="SETUP">
<doc>Opens the Android App with a new appium session</doc>
<kw name="Open Application" library="supportlib">
<arg>${Appium_Server}</arg>
<arg>automationName=${automationName}</arg>
<arg>platformName=${android_Platform_Name}</arg>
<arg>platformVersion=${android_Platform_Version}</arg>
<arg>deviceName=${android_Device_Name}</arg>
<arg>appPackage=${Package_Name}</arg>
<arg>appActivity=${Activity_Name}</arg>
<arg>autoGrantPermissions=true</arg>
<arg>noReset=false</arg>
<doc>Opens a new application to given Appium server.
Capabilities of appium server, Android and iOS,
Please check https://github.com/appium/appium/blob/master/docs/en/writing-running-appium/server-args.md
| *Option*            | *Man.* | *Description*     |
| remote_url          | Yes    | Appium server url |
| alias               | no     | alias             |</doc>
<status status="PASS" starttime="20210905 00:17:33.871" endtime="20210905 00:17:41.111"/>
</kw>
<status status="PASS" starttime="20210905 00:17:33.870" endtime="20210905 00:17:41.111"/>
</kw>
<kw name="Log" library="BuiltIn">
<arg>"Step 1: First step"</arg>
<doc>Logs the given message with the given level.</doc>
<msg timestamp="20210905 00:17:41.112" level="INFO">"Step 1: First step"</msg>
<status status="PASS" starttime="20210905 00:17:41.112" endtime="20210905 00:17:41.112"/>
</kw>
<kw name="Verify App is launched" library="login_keywords">
<doc>define</doc>
<kw name="Wait Until Element Is Visible" library="supportlib">
<arg>${welcomeLogin_btn}</arg>
<arg>5</arg>
<doc>Waits until element specified with `locator` is visible.</doc>
<status status="PASS" starttime="20210905 00:17:41.113" endtime="20210905 00:17:43.173"/>
</kw>
<kw name="Element Should Be Visible" library="supportlib">
<arg>${welcomeLogin_btn}</arg>
<arg>log source</arg>
<doc>Verifies that element identified with locator is visible.</doc>
<status status="PASS" starttime="20210905 00:17:43.173" endtime="20210905 00:17:43.300"/>
</kw>
<kw name="Element Should Be Enabled" library="supportlib">
<arg>${welcomeLogin_btn}</arg>
<doc>Verifies that element identified with locator is enabled.</doc>
<msg timestamp="20210905 00:17:43.430" level="INFO">Element '//*[@resource-id='com.shaadi.android:id/btn_morph_login']' is enabled .</msg>
<status status="PASS" starttime="20210905 00:17:43.300" endtime="20210905 00:17:43.430"/>
</kw>
<status status="PASS" starttime="20210905 00:17:41.112" endtime="20210905 00:17:43.430"/>
</kw>
<kw name="Log" library="BuiltIn">
<arg>"Step 2: Second Step"</arg>
<doc>Logs the given message with the given level.</doc>
<msg timestamp="20210905 00:17:43.431" level="INFO">"Step 2: Second Step"</msg>
<status status="PASS" starttime="20210905 00:17:43.430" endtime="20210905 00:17:43.431"/>
</kw>
<kw name="Go to Login screen" library="login_keywords">
<doc>define</doc>
<kw name="Click Element" library="supportlib">
<arg>${welcomeLogin_btn}</arg>
<doc>Click element identified by `locator`.</doc>
<msg timestamp="20210905 00:17:43.434" level="INFO">Clicking element '//*[@resource-id='com.shaadi.android:id/btn_morph_login']'.</msg>
<status status="PASS" starttime="20210905 00:17:43.431" endtime="20210905 00:17:43.618"/>
</kw>
<kw name="Wait Until Element Is Visible" library="supportlib">
<arg>${heading_txtView}</arg>
<doc>Waits until element specified with `locator` is visible.</doc>
<status status="PASS" starttime="20210905 00:17:43.619" endtime="20210905 00:17:44.398"/>
</kw>
<status status="PASS" starttime="20210905 00:17:43.431" endtime="20210905 00:17:44.398"/>
</kw>
<kw name="Log" library="BuiltIn">
<arg>"Step 3: Third Step"</arg>
<doc>Logs the given message with the given level.</doc>
<msg timestamp="20210905 00:17:44.399" level="INFO">"Step 3: Third Step"</msg>
<status status="PASS" starttime="20210905 00:17:44.399" endtime="20210905 00:17:44.399"/>
</kw>
<kw name="Enter Email ID and Password" library="login_keywords">
<doc>define</doc>
<kw name="Click Element" library="supportlib">
<arg>${emailID_edtTxt}</arg>
<doc>Click element identified by `locator`.</doc>
<msg timestamp="20210905 00:17:44.403" level="INFO">Clicking element '//*[@resource-id='com.shaadi.android:id/edt_username']'.</msg>
<status status="PASS" starttime="20210905 00:17:44.400" endtime="20210905 00:17:44.581"/>
</kw>
<kw name="Input Text" library="supportlib">
<arg>${emailID_edtTxt}</arg>
<arg>${enterTxt_emailid}</arg>
<doc>Types the given `text` into text field identified by `locator`.</doc>
<msg timestamp="20210905 00:17:44.585" level="INFO">Typing text 'sha2nkyaar@gmail.com' into text field '//*[@resource-id='com.shaadi.android:id/edt_username']'</msg>
<status status="PASS" starttime="20210905 00:17:44.581" endtime="20210905 00:17:46.155"/>
</kw>
<kw name="Run Keyword And Ignore Error" library="BuiltIn">
<arg>hide keyboard when the field is entered</arg>
<doc>Runs the given keyword with the given arguments and ignores possible error.</doc>
<kw name="hide keyboard when the field is entered" library="commonkeywords">
<doc>Hides the keyboard whenever it is required</doc>
<kw name="Hide Keyboard" library="supportlib">
<doc>Hides the software keyboard on the device. (optional) In iOS, use `key_name` to press
a particular key, ex. `Done`. In Android, no parameters are used.</doc>
<status status="PASS" starttime="20210905 00:17:46.156" endtime="20210905 00:17:47.672"/>
</kw>
<status status="PASS" starttime="20210905 00:17:46.156" endtime="20210905 00:17:47.672"/>
</kw>
<status status="PASS" starttime="20210905 00:17:46.156" endtime="20210905 00:17:47.672"/>
</kw>
<kw name="Click Element" library="supportlib">
<arg>${password_edtTxt}</arg>
<doc>Click element identified by `locator`.</doc>
<msg timestamp="20210905 00:17:47.675" level="INFO">Clicking element '//*[@resource-id='com.shaadi.android:id/edt_password']'.</msg>
<status status="PASS" starttime="20210905 00:17:47.672" endtime="20210905 00:17:48.699"/>
</kw>
<kw name="Input Text" library="supportlib">
<arg>${password_edtTxt}</arg>
<arg>${enterTxt_password}</arg>
<doc>Types the given `text` into text field identified by `locator`.</doc>
<msg timestamp="20210905 00:17:48.702" level="INFO">Typing text 'Shank@1009' into text field '//*[@resource-id='com.shaadi.android:id/edt_password']'</msg>
<status status="PASS" starttime="20210905 00:17:48.700" endtime="20210905 00:17:50.167"/>
</kw>
<kw name="Run Keyword And Ignore Error" library="BuiltIn">
<arg>hide keyboard when the field is entered</arg>
<doc>Runs the given keyword with the given arguments and ignores possible error.</doc>
<kw name="hide keyboard when the field is entered" library="commonkeywords">
<doc>Hides the keyboard whenever it is required</doc>
<kw name="Hide Keyboard" library="supportlib">
<doc>Hides the software keyboard on the device. (optional) In iOS, use `key_name` to press
a particular key, ex. `Done`. In Android, no parameters are used.</doc>
<status status="PASS" starttime="20210905 00:17:50.170" endtime="20210905 00:17:51.907"/>
</kw>
<status status="PASS" starttime="20210905 00:17:50.169" endtime="20210905 00:17:51.907"/>
</kw>
<status status="PASS" starttime="20210905 00:17:50.168" endtime="20210905 00:17:51.907"/>
</kw>
<kw name="Wait Until Element Is Visible" library="supportlib">
<arg>${login_btn}</arg>
<doc>Waits until element specified with `locator` is visible.</doc>
<status status="PASS" starttime="20210905 00:17:51.907" endtime="20210905 00:17:52.091"/>
</kw>
<kw name="Click Element" library="supportlib">
<arg>${login_btn}</arg>
<doc>Click element identified by `locator`.</doc>
<msg timestamp="20210905 00:17:52.094" level="INFO">Clicking element '//*[@resource-id='com.shaadi.android:id/btn_login']'.</msg>
<status status="PASS" starttime="20210905 00:17:52.091" endtime="20210905 00:17:52.248"/>
</kw>
<status status="PASS" starttime="20210905 00:17:44.399" endtime="20210905 00:17:52.248"/>
</kw>
<kw name="Log" library="BuiltIn">
<arg>"Step 4: Fourth Step"</arg>
<doc>Logs the given message with the given level.</doc>
<msg timestamp="20210905 00:17:52.249" level="INFO">"Step 4: Fourth Step"</msg>
<status status="PASS" starttime="20210905 00:17:52.249" endtime="20210905 00:17:52.249"/>
</kw>
<kw name="Verify post-login screen is displayed" library="login_keywords">
<doc>define</doc>
<kw name="Run Keyword And Ignore Error" library="BuiltIn">
<arg>click skip menu button</arg>
<doc>Runs the given keyword with the given arguments and ignores possible error.</doc>
<kw name="click skip menu button" library="login_keywords">
<kw name="Wait Until Element Is Visible" library="supportlib">
<arg>${skip_title}</arg>
<arg>5</arg>
<doc>Waits until element specified with `locator` is visible.</doc>
<kw name="Capture Page Screenshot" library="supportlib">
<doc>Takes a screenshot of the current page and embeds it into the log.</doc>
<msg timestamp="20210905 00:17:59.952" level="INFO" html="true">&lt;/td&gt;&lt;/tr&gt;&lt;tr&gt;&lt;td colspan="3"&gt;&lt;a href="appium-screenshot-1.png"&gt;&lt;img src="appium-screenshot-1.png" width="800px"&gt;&lt;/a&gt;</msg>
<status status="PASS" starttime="20210905 00:17:58.504" endtime="20210905 00:17:59.952"/>
</kw>
<msg timestamp="20210905 00:17:59.953" level="FAIL">Element locator '//*[@resource-id='com.shaadi.android:id/menu_skip']' did not match any elements after 5 seconds</msg>
<status status="FAIL" starttime="20210905 00:17:52.251" endtime="20210905 00:17:59.953"/>
</kw>
<kw name="Click Element" library="supportlib">
<arg>${skip_title}</arg>
<doc>Click element identified by `locator`.</doc>
<status status="NOT RUN" starttime="20210905 00:17:59.954" endtime="20210905 00:17:59.954"/>
</kw>
<status status="FAIL" starttime="20210905 00:17:52.250" endtime="20210905 00:17:59.954"/>
</kw>
<status status="PASS" starttime="20210905 00:17:52.250" endtime="20210905 00:17:59.955"/>
</kw>
<kw name="Run Keyword And Ignore Error" library="BuiltIn">
<arg>click close menu button</arg>
<doc>Runs the given keyword with the given arguments and ignores possible error.</doc>
<kw name="click close menu button" library="login_keywords">
<kw name="Wait Until Element Is Visible" library="supportlib">
<arg>${menu_close}</arg>
<arg>5</arg>
<doc>Waits until element specified with `locator` is visible.</doc>
<kw name="Capture Page Screenshot" library="supportlib">
<doc>Takes a screenshot of the current page and embeds it into the log.</doc>
<msg timestamp="20210905 00:18:06.620" level="INFO" html="true">&lt;/td&gt;&lt;/tr&gt;&lt;tr&gt;&lt;td colspan="3"&gt;&lt;a href="appium-screenshot-2.png"&gt;&lt;img src="appium-screenshot-2.png" width="800px"&gt;&lt;/a&gt;</msg>
<status status="PASS" starttime="20210905 00:18:05.237" endtime="20210905 00:18:06.620"/>
</kw>
<msg timestamp="20210905 00:18:06.621" level="FAIL">Element locator '//*[@resource-id='com.shaadi.android:id/menu_close']' did not match any elements after 5 seconds</msg>
<status status="FAIL" starttime="20210905 00:17:59.955" endtime="20210905 00:18:06.621"/>
</kw>
<kw name="Click Element" library="supportlib">
<arg>${menu_close}</arg>
<doc>Click element identified by `locator`.</doc>
<status status="NOT RUN" starttime="20210905 00:18:06.621" endtime="20210905 00:18:06.621"/>
</kw>
<status status="FAIL" starttime="20210905 00:17:59.955" endtime="20210905 00:18:06.622"/>
</kw>
<status status="PASS" starttime="20210905 00:17:59.955" endtime="20210905 00:18:06.622"/>
</kw>
<kw name="Wait Until Element Is Visible" library="supportlib">
<arg>${home_tab}</arg>
<arg>5</arg>
<doc>Waits until element specified with `locator` is visible.</doc>
<status status="PASS" starttime="20210905 00:18:06.622" endtime="20210905 00:18:06.749"/>
</kw>
<kw name="Element Should Be Visible" library="supportlib">
<arg>${home_tab}</arg>
<doc>Verifies that element identified with locator is visible.</doc>
<status status="PASS" starttime="20210905 00:18:06.750" endtime="20210905 00:18:06.898"/>
</kw>
<status status="PASS" starttime="20210905 00:17:52.249" endtime="20210905 00:18:06.898"/>
</kw>
<kw name="Close Application" library="supportlib" type="TEARDOWN">
<doc>Closes the current application and also close webdriver session.</doc>
<status status="PASS" starttime="20210905 00:18:06.899" endtime="20210905 00:18:07.118"/>
</kw>
<doc>Enter username and password to login into the Shaadi app</doc>
<tag>test</tag>
<status status="PASS" starttime="20210905 00:17:33.870" endtime="20210905 00:18:07.118"/>
</test>
<doc>MyShaadi Test Script</doc>
<status status="PASS" starttime="20210905 00:17:33.761" endtime="20210905 00:18:07.119"/>
</suite>
<status status="PASS" starttime="20210905 00:17:33.760" endtime="20210905 00:18:07.121"/>
</suite>
<status status="PASS" starttime="20210905 00:17:33.742" endtime="20210905 00:18:07.122"/>
</suite>
<statistics>
<total>
<stat pass="1" fail="0" skip="0">All Tests</stat>
</total>
<tag>
<stat pass="1" fail="0" skip="0">test</stat>
</tag>
<suite>
<stat pass="1" fail="0" skip="0" id="s1" name="TestScripts">TestScripts</stat>
<stat pass="1" fail="0" skip="0" id="s1-s1" name="Android">TestScripts.Android</stat>
<stat pass="1" fail="0" skip="0" id="s1-s1-s1" name="A Login">TestScripts.Android.A Login</stat>
</suite>
</statistics>
<errors>
</errors>
</robot>
